<?xml version="1.0" encoding="UTF-8"?>
<!-- Generated by org.testng.reporters.JUnitReportReporter -->
<testsuite hostname="IND-CHN-LT12587" failures="0" tests="1" name="testCases.LoginTest" time="54.070" errors="0" timestamp="2024-10-19T16:07:58 IST" skipped="0">
  <testcase classname="testCases.LoginTest" name="loginToApplication" time="54.070"/>
</testsuite> <!-- testCases.LoginTest -->
