<?xml version="1.0" encoding="UTF-8"?>
<!-- Generated by org.testng.reporters.JUnitReportReporter -->
<testsuite hostname="IND-CHN-LT12587" failures="0" tests="1" name="testCases.LoginTest" time="6.863" errors="0" timestamp="2024-12-07T19:11:12 IST" skipped="0">
  <testcase classname="testCases.LoginTest" name="loginToApplication" time="6.863"/>
</testsuite> <!-- testCases.LoginTest -->
