<?xml version="1.0" encoding="UTF-8"?>
<!-- Generated by org.testng.reporters.JUnitReportReporter -->
<testsuite hostname="IND-CHN-LT12587" failures="0" tests="1" name="testCases.LoginTest" time="16.636" errors="0" timestamp="2024-10-25T11:31:16 IST" skipped="0">
  <testcase classname="testCases.LoginTest" name="loginToApplication" time="16.636"/>
</testsuite> <!-- testCases.LoginTest -->
